<?xml version="1.0" encoding="UTF-8"?>
<!-- Generated by org.testng.reporters.JUnitXMLReporter -->
<testsuite ignored="2" hostname="RENYA" failures="0" tests="2" name="Test" time="8.964" errors="0" timestamp="2026-05-02T23:37:30 IST">
  <testcase classname="testscripts.LoginTest" name="verifyUserLoginWithValidCredentails" time="2.159"/>
  <testcase classname="testscripts.LoginTest" name="verifyUserLoginWithInvalidUsername" time="0.625"/>
  <testcase classname="testscripts.LoginTest" name="verifyUserLoginWithInvalidPassword" time="0.0">
    <ignored/>
  </testcase> <!-- verifyUserLoginWithInvalidPassword -->
  <testcase classname="testscripts.LoginTest" name="verifyUserLoginWIthInvalidCredentials" time="0.0">
    <ignored/>
  </testcase> <!-- verifyUserLoginWIthInvalidCredentials -->
</testsuite> <!-- Test -->
