<?xml version="1.0" encoding="UTF-8"?>
<testng-results ignored="0" total="1" passed="1" failed="0" skipped="0">
  <reporter-output>
  </reporter-output>
  <suite started-at="2026-05-12T17:56:49 IST" name="Suite" finished-at="2026-05-12T17:56:55 IST" duration-ms="5779">
    <groups>
      <group name="smoke">
        <method signature="LoginTest.verifyUserLoginWithValidCredentails()[pri:1, instance:testscripts.LoginTest@1c9b0314]" name="verifyUserLoginWithValidCredentails" class="testscripts.LoginTest"/>
      </group> <!-- smoke -->
    </groups>
    <test started-at="2026-05-12T17:56:49 IST" name="Test" finished-at="2026-05-12T17:56:55 IST" duration-ms="5779">
      <class name="testscripts.LoginTest">
        <test-method is-config="true" signature="initializeBrowser(java.lang.String)[pri:0, instance:testscripts.LoginTest@1c9b0314]" started-at="2026-05-12T17:56:49 IST" name="initializeBrowser" finished-at="2026-05-12T17:56:52 IST" duration-ms="2824" status="PASS">
          <params>
            <param index="0">
              <value>
                <![CDATA[chrome]]>
              </value>
            </param>
          </params>
          <reporter-output>
          </reporter-output>
        </test-method> <!-- initializeBrowser -->
        <test-method signature="verifyUserLoginWithValidCredentails()[pri:1, instance:testscripts.LoginTest@1c9b0314]" started-at="2026-05-12T17:56:52 IST" name="verifyUserLoginWithValidCredentails" description="user is trying to login with valid credentials" finished-at="2026-05-12T17:56:55 IST" duration-ms="2904" status="PASS">
          <reporter-output>
          </reporter-output>
        </test-method> <!-- verifyUserLoginWithValidCredentails -->
        <test-method is-config="true" signature="driverQuit(org.testng.ITestResult)[pri:0, instance:testscripts.LoginTest@1c9b0314]" started-at="2026-05-12T17:56:55 IST" name="driverQuit" finished-at="2026-05-12T17:56:55 IST" duration-ms="2" status="PASS">
          <params>
            <param index="0">
              <value>
                <![CDATA[[TestResult name=verifyUserLoginWithValidCredentails status=SUCCESS method=LoginTest.verifyUserLoginWithValidCredentails()[pri:1, instance:testscripts.LoginTest@1c9b0314] output={null}]]]>
              </value>
            </param>
          </params>
          <reporter-output>
          </reporter-output>
        </test-method> <!-- driverQuit -->
      </class> <!-- testscripts.LoginTest -->
    </test> <!-- Test -->
  </suite> <!-- Suite -->
</testng-results>
