<?xml version="1.0" encoding="UTF-8"?>
<!-- Generated by org.testng.reporters.JUnitXMLReporter -->
<testsuite ignored="1" hostname="RENYA" failures="0" tests="1" name="Default test" time="7.76" errors="0" timestamp="2026-05-01T17:30:39 IST">
  <testcase classname="testscripts.AdminUsersTest" name="verifyWhetherUserIsAbleToAddNewAdminUser" time="5.077"/>
  <testcase classname="testscripts.AdminUsersTest" name="verifyWhetherUserIsAbleToSearchNewlyAddedUser" time="0.0">
    <ignored/>
  </testcase> <!-- verifyWhetherUserIsAbleToSearchNewlyAddedUser -->
</testsuite> <!-- Default test -->
