<?xml version="1.0" encoding="UTF-8"?>
<!-- Generated by org.testng.reporters.JUnitXMLReporter -->
<testsuite ignored="3" hostname="RENYA" failures="0" tests="1" name="Test" time="5.35" errors="0" timestamp="2026-05-12T20:40:35 IST">
  <testcase classname="testscripts.LoginTest" name="verifyUserLoginWithValidCredentails" time="2.216"/>
  <testcase classname="testscripts.LoginTest" name="verifyUserLoginWithInvalidPassword" time="0.0">
    <ignored/>
  </testcase> <!-- verifyUserLoginWithInvalidPassword -->
  <testcase classname="testscripts.LoginTest" name="verifyUserLoginWIthInvalidCredentials" time="0.0">
    <ignored/>
  </testcase> <!-- verifyUserLoginWIthInvalidCredentials -->
  <testcase classname="testscripts.LoginTest" name="verifyUserLoginWithInvalidUsername" time="0.0">
    <ignored/>
  </testcase> <!-- verifyUserLoginWithInvalidUsername -->
</testsuite> <!-- Test -->
